# JRE version: Java(TM) SE Runtime Environment (8.0_181-b13) (build 1.8.0_181-b13)
# Java VM: Java HotSpot(TM) 64-Bit Server VM (25.181-b13 mixed mode bsd-amd64 compressed oops)
Heap:
 PSYoungGen      total 153088K, used 62757K [0x0000000715580000, 0x0000000728080000, 0x00000007c0000000)
  eden space 131584K, 47% used [0x0000000715580000,0x00000007192c95e8,0x000000071d600000)
  from space 21504K, 0% used [0x000000071d600000,0x000000071d600000,0x000000071eb00000)
  to   space 21504K, 0% used [0x0000000726b80000,0x0000000726b80000,0x0000000728080000)
 ParOldGen       total 231424K, used 13459K [0x00000005c0000000, 0x00000005ce200000, 0x0000000715580000)
  object space 231424K, 5% used [0x00000005c0000000,0x00000005c0d24e40,0x00000005ce200000)
 Metaspace       used 26796K, capacity 28428K, committed 28672K, reserved 1073152K
  class space    used 4419K, capacity 4770K, committed 4864K, reserved 1048576K
GC Heap History (4 events):
Event: 0.985 GC heap before
{Heap before GC invocations=1 (full 0):
 PSYoungGen      total 153088K, used 131584K [0x0000000715580000, 0x0000000720000000, 0x00000007c0000000)
  eden space 131584K, 100% used [0x0000000715580000,0x000000071d600000,0x000000071d600000)
  from space 21504K, 0% used [0x000000071eb00000,0x000000071eb00000,0x0000000720000000)
  to   space 21504K, 0% used [0x000000071d600000,0x000000071d600000,0x000000071eb00000)
 ParOldGen       total 349696K, used 0K [0x00000005c0000000, 0x00000005d5580000, 0x0000000715580000)
  object space 349696K, 0% used [0x00000005c0000000,0x00000005c0000000,0x00000005d5580000)
 Metaspace       used 20328K, capacity 21208K, committed 21296K, reserved 1067008K
  class space    used 3437K, capacity 3636K, committed 3712K, reserved 1048576K
Event: 0.998 GC heap after
Heap after GC invocations=1 (full 0):
 PSYoungGen      total 153088K, used 14214K [0x0000000715580000, 0x0000000728080000, 0x00000007c0000000)
  eden space 131584K, 0% used [0x0000000715580000,0x0000000715580000,0x000000071d600000)
  from space 21504K, 66% used [0x000000071d600000,0x000000071e3e1b38,0x000000071eb00000)
  to   space 21504K, 0% used [0x0000000726b80000,0x0000000726b80000,0x0000000728080000)
 ParOldGen       total 349696K, used 16K [0x00000005c0000000, 0x00000005d5580000, 0x0000000715580000)
  object space 349696K, 0% used [0x00000005c0000000,0x00000005c0004000,0x00000005d5580000)
 Metaspace       used 20328K, capacity 21208K, committed 21296K, reserved 1067008K
  class space    used 3437K, capacity 3636K, committed 3712K, reserved 1048576K
}
Event: 0.998 GC heap before
{Heap before GC invocations=2 (full 1):
 PSYoungGen      total 153088K, used 14214K [0x0000000715580000, 0x0000000728080000, 0x00000007c0000000)
  eden space 131584K, 0% used [0x0000000715580000,0x0000000715580000,0x000000071d600000)
  from space 21504K, 66% used [0x000000071d600000,0x000000071e3e1b38,0x000000071eb00000)
  to   space 21504K, 0% used [0x0000000726b80000,0x0000000726b80000,0x0000000728080000)
 ParOldGen       total 349696K, used 16K [0x00000005c0000000, 0x00000005d5580000, 0x0000000715580000)
  object space 349696K, 0% used [0x00000005c0000000,0x00000005c0004000,0x00000005d5580000)
 Metaspace       used 20328K, capacity 21208K, committed 21296K, reserved 1067008K
  class space    used 3437K, capacity 3636K, committed 3712K, reserved 1048576K
Event: 1.020 GC heap after
Heap after GC invocations=2 (full 1):
 PSYoungGen      total 153088K, used 0K [0x0000000715580000, 0x0000000728080000, 0x00000007c0000000)
  eden space 131584K, 0% used [0x0000000715580000,0x0000000715580000,0x000000071d600000)
  from space 21504K, 0% used [0x000000071d600000,0x000000071d600000,0x000000071eb00000)
  to   space 21504K, 0% used [0x0000000726b80000,0x0000000726b80000,0x0000000728080000)
 ParOldGen       total 231424K, used 13459K [0x00000005c0000000, 0x00000005ce200000, 0x0000000715580000)
  object space 231424K, 5% used [0x00000005c0000000,0x00000005c0d24e40,0x00000005ce200000)
 Metaspace       used 20307K, capacity 21148K, committed 21296K, reserved 1067008K
  class space    used 3430K, capacity 3624K, committed 3712K, reserved 1048576K
}

